07012020-M-A-Lana del Rey-Norman Fucking Rockwell
07012020-M-A-Clairo-Immunity
07012020-M-A-Weatherday-Come in
08012020-M-A-Dorian Electra-Flamboyant
08012020-M-A-Frank Ocean-Blonde
08012020-M-A-Frank Ocean-channel ORANGE
09012020-M-A-JPEGMAFIA-All my heroes are cornballs
09012020-M-A-Tyler the creator-IGOR
10012020-M-A-Vampire Weekend-Father of the bride
10012020-F-C-Sam Mendes-1917
12012020-F-H-Hirokazu Koreeda-Like father, like son
12012020-F-H-Bi Gan-A long day's trip into the night
13012020-M-A-Lana del rey-Lust for life
13012020-M-A-Richard Dawson-2020
13012020-M-A-Superorganism-Superorganism
14012020-M-A-Brockhampton-GINGER
14012020-M-A-Vampire weekend-Modern vampires of the city
15012020-M-A-Manel-Per la bona gent
15012020-M-A-Charli XCX-Pop 2
15012020-M-A-Yung beef|Goa-El plugg mixtape
15012020-M-A-Wildfau-Cimientos
15012020-F-C-Robert Eggers-The lighthouse
16012020-M-A-Cariño-Movidas
16012020-M-A-Cecilio G-Aleesha la Mixtape
16012020-M-A-Cecilio G-Todos Presos
16012020-M-A-Cecilio G-Million dollar baby
17012020-M-C-Cecilio G-La 3 (Valencia)
20012020-M-A-ROSALÍA-Los ángeles
20012020-M-A-daigoro789-Disney alltime classic songs for jazz piano
20012020-M-A-Bon Iver-i,i
21012020-F-H-Noah Baumbach-Marriage Story
22012020-S-L-Chopped del caro comedy jam-Rocknrolla
23012020-M-A-Beck-Hyperspace
23012020-M-A-Weyes Blood-Titanic Rising
23012020-M-A-Anderson .Paak-Ventura
24012020-F-H-Jeremy Clapin-I lost my body
28012020-M-A-Kirin J Callinan-Return to center
29012020-M-A-Lizzo-Cuz I love you
29012020-M-A-James Blake-Assume Form
29012020-F-H-James Mangold-Ford v Ferrari
30012020-F-C-Taika Waititi-Jojo's Rabbit
31012020-M-A-Mura Masa-R.Y.C
31012020-M-A-Weyes Blood-Front Row Seat to Earth
01022020-F-H-Greta Gerwig-Little women
05022020-M-A-Pinegrove-Marigold
05022020-M-A-Floral Tattoo-You can never have a long enough head start
06022020-M-A-El mató a un policía motorizado-La otra dimensión
06022020-M-A-El mató a un policía motorizado-La síntesis O'Konnor
06022020-M-A-Two door cinema club-False Alarm
07022020-M-A-Los petersellers-Contra la amenaza del Dr. Thedio
10022020-M-A-Weyes Blood-The Outside Room
11022020-M-A-Yuri Gagarin (SWE)-The Outskirts of Reality
11022020-M-A-Weyes Blood-The Innocents
12022020-M-A-Bad Bunny-X100PRE
12022020-M-A-Denzel Curry-UNLOCKED
12022020-S-H-Tom Papa-You're doing great
13022020-M-A-Belle & Sebastian-Days of the Bagnold Summer
13022020-M-A-Otoboke Beaver-ITEKOMA HITS
13022020-M-A-Kero Kero Bonito-Time 'n' Place
13022020-M-A-Lana del Rey-Honeymoon
14022020-M-A-Él mató a un policía motorizado-La Dinastía Scorpio
14022020-M-A-J Balvin|Bad Bunny-OASIS
14022020-M-A-Los Planetas-Una semana en el motor de un autobús
14022020-M-A-Tame Impala-The Slow Rush
14022020-M-C-El mató a un policía motorizado-Sala Moon (Valencia)
16022020-M-A-Dan Deacon-Mystic Familiar
16022020-S-L-Miguel Noguera-Sala Russafa (Valencia)
17022020-M-A-Tame Impala-Currents
17022020-M-A-The Voidz-Virtue
17022020-M-A-Carolina Durante-Carolina Durante
17022020-M-A-Cat Stevens-Teaser and the Firecat
18022020-M-A-The Strokes-Is this it
18022020-M-A-Billie Eilish-WHEN WE ALL FALL ASLEEP, WHERE DO WE GO?
18022020-M-A-Los Planetas-Super 8
19022020-M-A-Los Planetas-Pop
19022020-M-A-The Strokes-Room On Fire
19022020-M-A-The Strokes-First Impressions of Earth
20022020-M-A-The Strokes-Angles
20022020-M-A-The Strokes-Comedown Machine
20022020-M-A-The Velvet Underground-Loaded
20022020-M-A-Pearl Jam-Ten
21022020-M-A-Los Planetas-Unidad de Desplazamiento
22022020-M-A-King Gizzard & The Lizard Wizard-Oddments
22022020-M-A-The Velvet Underground|Nico-The velvet underground & Nico
24022020-M-A-King Gizzard & The Lizard Wizard-Fishing For Fishies
24022020-M-A-King Gizzard & The Lizard Wizard-Nonagon Infinity
24022020-M-A-Los Planetas-Encuentros con Entidades
24022020-M-A-Arcade Fire-Everything Now
24022020-M-A-Tame Impala-Lonerism
25022020-M-A-King Krule-Man Alive!
25022020-M-A-Beach Bunny-Honeymoon
25022020-M-A-Massive Attack-Mezzanine
25022020-M-A-Los Planetas-Los Planetas Contra La Ley De La Gravedad
25022020-M-A-Los Planetas-La Leyenda Del Espacio
26022020-M-A-Pereza-Algo Para Cantar
26022020-M-A-Pereza-Animales
27022020-M-A-Pereza-Aproximaciones
27022020-M-A-Pereza-Aviones
27022020-M-A-Los Planetas-Una Opera Egipcia
27022020-M-A-Los Planetas-Zona Temporalmente Autónoma
02032020-M-A-Bad Bunny-YHLQMDLG
02032020-M-A-Kacey Musgraves-Same Trailer Different Park
03032020-M-A-Caribou-Suddenly
04032020-M-A-Against All Logic-2017_2019
05032020-M-A-Panic! At The Disco-Pray for the Wicked
05032020-M-A-King Gizzard & The Lizard Wizard-Infest the Rats' Nest
05032020-M-A-Kacey Musgraves-Golden Hour
05032020-M-A-Bad Manners-Baldheads: Live in Essex
06032020-M-A-Toni Mejías|Jerry Coke-Rawpublik
06032020-M-A-Denzel Curry-ZUU
06032020-M-A-JACKBOYS|Travis Scott-JACKBOYS
07032020-M-L-Mista Godeh-Repvblicca(Valencia)
07032020-M-L-Bad Manners-Repvblicca(Valencia)
09032020-M-A-Kacey Musgraves-A Very Kacey Christmas
10032020-M-A-Kacey Musgraves-Pageant Material
10032020-S-H-Kacey Musgraves-The Kacey Musgraves Christmas Show
10032020-M-A-Lana Del Rey-Born To Die
10032020-M-A-Cecilio G|Suave44-La Bestia Del Mambo
10032020-M-A-Soccer Mommy-Color theory
10032020-M-A-100 gecs-1000 gecs
10032020-M-A-La Bien Querida-Premeditación, Nocturnidad y Alevosía
11032020-M-A-Woods-City Sun Eater in the River of Light
11032020-M-A-Freddie Gibbs|Madlib-Bandana
11032020-M-A-Soccer Mommy-Clean
12032020-M-A-Soccer Mommy-Collection
12032020-M-A-The Beatles-Sgt. Pepper's Lonely Hearts Club Band
12032020-M-A-The Beatles-Abbey Road
13032020-M-A-Doja Cat-Hot Pink
13032020-M-A-Kings of Leon-Only By The Night
13032020-F-H-Carlos Vermut-Magical Girl
14032020-F-H-Ari Aster-Hereditary
14032020-S-H-Taylor Tomlinson-Quarter_life crisis
16032020-M-A-Daft Punk-Random Access Memories
16032020-M-A-Tennis-Swimmer
17032020-M-A-Kasabian-West Ryder Pauper Lunatic Asylum
17032020-M-A-Soccer Mommy-For Young Hearts
17032020-M-A-Radiohead-OK Computer
20032020-M-A-J Balvin-Vibras
20032020-M-A-J Balvin-Colores
20032020-M-A-Lana Del Rey-Paradise
21032020-F-H-Taika Waititi-What We Do In The Shadows
23032020-W-S-Netflix-Elite (2)
24032020-M-A-The Weeknd-After Hours
24032020-M-A-Kase.O-Kase.O Jazz Magnetism
25032020-M-A-Dogleg-Melee
25032020-M-A-Princess Nokia-Everything is Beautiful
25032020-M-A-Princess Nokia-Everything Sucks
26032020-M-A-The Postal Service-Give Up
26032020-M-A-Death Cab for Cutie-Plans
26032020-M-A-CEVID 19-NWO the Mixtape
27032020-F-H-Andrei Tarkovski-Solaris
28032020-M-A-Dua Lipa-Future Nostalgia
28032020-F-H-The Monty Python-The Meaning of Life
29032020-M-A-Lil Uzi Vert-Eternal Atake
30032020-W-S-Netflix-Elite (3)
31032020-M-A-Belle & Sebastian-Tigermilk
01042020-M-A-Las Ligas Menores-Las Ligas Menores
01042020-M-A-Las Ligas Menores-Fuego Artificial
03042020-F-H-Olivia Wilde-Booksmart
05042020-W-D-Netflix-Tiger King
06042020-M-A-Cigarrettes After Sex-Cigarretes After Sex
06042020-M-A-Cigarrettes After Sex-Cry
07042020-M-A-alt_J-An Awesome Wave
07042020-M-A-Buena Vista Social Club-Buena Vista Social Club
08042020-M-A-C. Tangana-Idolo
08042020-M-A-C. Tangana-Avida Dollars
09042020-M-A-Camaron de la Isla-Soy Gitano
10042020-M-A-The Strokes-The New Abnormal
10042020-F-H-Lars Von Trier-The House That Jack Built
11042020-W-S-HBO-The Flight of the Conchords (1)
13042020-F-H-Hitoshi Matsumoto-Scabbard Samurai
13042020-M-A-Woods-With Light and With Love
14042020-M-A-Deerhunter-Halcyon Digest
14042020-M-A-Thundercat-It Is What It Is
15042020-M-A-Jimi Hendrix-Are You Experienced
15042020-M-A-Beach House-Bloom
16042020-M-A-Cupido-Prestame Un Sentimiento
16042020-M-A-Parcels-Parcels
16042020-M-A-King Princess-Cheap Queen
17042020-M-A-Yves Tumor-Heaven To A Tortured Mind
17042020-M-A-Fiona Apple-Fetch The Bolt Cutters
19042020-M-A-Rina Sawayama-SAWAYAMA
19042020-W-S-HBO-The Flight of the Conchords (2)
20042020-M-A-Joji-BALLADS 1
20042020-M-A-The Vaccines-What Did You Expect From The Vaccines?
20042020-M-A-R.E.M-Out Of Time
21042020-M-A-Them Crooked Vultures-Them Crooked Vultures
21042020-M-A-Oso Oso-Basking in the Glow
21042020-M-A-Chelsea Peretti-Foam and  Flotsam
22042020-M-A-Julian Casablancas-Phrazes For The Young
22042020-M-A-Nine Inch Nails-Ghosts V: Together
23042020-M-A-Charli XCX-Charli
24042020-M-A-Jeff Rosenstock-POST_
26042020-M-A-Jeff Rosenstock-WORRY.
26042020-M-A-Jeff Rosenstock-We Cool?
26042020-M-A-Jeff Rosenstock-I Look Like Shit
26042020-F-H-Ingmar Bergman-The seventh seal
26042020-M-A-Lido Pimienta-Miss Colombia
27042020-M-A-Jeff Rosenstock|Laura Stevenson- Still Young
27042020-M-A-Yusuf|Cat Stevens-Tea for the Tillerman
27042020-M-A-Woods-Love Is Love
27042020-M-A-The Mountain Goats-Songs for Pierre Chuvin
28042020-M-A-Alvvays-Antisocialites
28042020-M-A-Alvvays-Alvvays
29042020-M-A-Kali Uchis-Isolation
29042020-M-A-Trace Mountains-Lost in the Country
29042020-M-A-Nine Inch Nails-Ghosts VI: Locust
30042020-M-A-Quelle Chris|Chris Keys-Innocent Country 2
01052020-M-A-Car Seat Headrest-Making a Door Less Open
01052020-M-A-Yung Beef|Pablo Chill_E-Shishi Plugg
03052020-M-A-Wilco-Ode to Joy
